<?xml version="1.0" encoding="UTF-8"?>
<!-- Generated by org.testng.reporters.JUnitReportReporter -->
<testsuite skipped="0" hostname="LAPTOP-5K471UKM" name="ngprog.P1" tests="1" failures="0" timestamp="2020-03-19T19:21:42 IST" time="0.013" errors="0">
  <testcase name="car" time="0.013" classname="ngprog.P1"/>
</testsuite> <!-- ngprog.P1 -->
