<?xml version="1.0" encoding="UTF-8"?>
<!-- Generated by org.testng.reporters.JUnitReportReporter -->
<testsuite skipped="0" hostname="LAPTOP-5K471UKM" name="FrameWORK.verify" tests="1" failures="0" timestamp="2020-03-19T19:21:42 IST" time="7.847" errors="0">
  <testcase name="init" time="7.847" classname="FrameWORK.verify"/>
</testsuite> <!-- FrameWORK.verify -->
